<?xml version="1.0" encoding="UTF-8"?>
<coverage generated="1637733961021" clover="3.2.0">
  <project timestamp="1637733961022" name="All files">
    <metrics statements="215" coveredstatements="210" conditionals="61" coveredconditionals="50" methods="50" coveredmethods="44" elements="326" coveredelements="304" complexity="0" loc="215" ncloc="215" packages="18" files="22" classes="22"/>
    <package name="common.api">
      <metrics statements="19" coveredstatements="19" conditionals="1" coveredconditionals="1" methods="4" coveredmethods="4"/>
      <file name="constants.ts" path="/Users/gigoyal/Projects/personal/giphy-demo/src/common/api/constants.ts">
        <metrics statements="4" coveredstatements="4" conditionals="0" coveredconditionals="0" methods="0" coveredmethods="0"/>
        <line num="1" count="3" type="stmt"/>
        <line num="2" count="3" type="stmt"/>
        <line num="3" count="3" type="stmt"/>
        <line num="4" count="3" type="stmt"/>
      </file>
      <file name="giphy.ts" path="/Users/gigoyal/Projects/personal/giphy-demo/src/common/api/giphy.ts">
        <metrics statements="15" coveredstatements="15" conditionals="1" coveredconditionals="1" methods="4" coveredmethods="4"/>
        <line num="1" count="3" type="stmt"/>
        <line num="3" count="3" type="stmt"/>
        <line num="9" count="14" type="cond" truecount="1" falsecount="0"/>
        <line num="11" count="3" type="stmt"/>
        <line num="12" count="7" type="stmt"/>
        <line num="20" count="3" type="stmt"/>
        <line num="22" count="3" type="stmt"/>
        <line num="23" count="3" type="stmt"/>
        <line num="29" count="2" type="stmt"/>
        <line num="31" count="1" type="stmt"/>
        <line num="35" count="4" type="stmt"/>
        <line num="37" count="4" type="stmt"/>
        <line num="38" count="4" type="stmt"/>
        <line num="43" count="2" type="stmt"/>
        <line num="45" count="1" type="stmt"/>
      </file>
    </package>
    <package name="common.hooks">
      <metrics statements="18" coveredstatements="17" conditionals="2" coveredconditionals="1" methods="4" coveredmethods="4"/>
      <file name="useFetch.ts" path="/Users/gigoyal/Projects/personal/giphy-demo/src/common/hooks/useFetch.ts">
        <metrics statements="18" coveredstatements="17" conditionals="2" coveredconditionals="1" methods="4" coveredmethods="4"/>
        <line num="1" count="2" type="stmt"/>
        <line num="4" count="32" type="stmt"/>
        <line num="15" count="32" type="stmt"/>
        <line num="16" count="32" type="stmt"/>
        <line num="17" count="32" type="stmt"/>
        <line num="19" count="32" type="stmt"/>
        <line num="21" count="18" type="stmt"/>
        <line num="22" count="18" type="stmt"/>
        <line num="23" count="9" type="stmt"/>
        <line num="24" count="8" type="stmt"/>
        <line num="25" count="8" type="stmt"/>
        <line num="26" count="16" type="cond" truecount="1" falsecount="1"/>
        <line num="27" count="8" type="stmt"/>
        <line num="29" count="0" type="stmt"/>
        <line num="33" count="32" type="stmt"/>
        <line num="34" count="9" type="stmt"/>
        <line num="37" count="32" type="stmt"/>
        <line num="40" count="2" type="stmt"/>
      </file>
    </package>
    <package name="components.app">
      <metrics statements="6" coveredstatements="6" conditionals="0" coveredconditionals="0" methods="1" coveredmethods="1"/>
      <file name="index.tsx" path="/Users/gigoyal/Projects/personal/giphy-demo/src/components/app/index.tsx">
        <metrics statements="6" coveredstatements="6" conditionals="0" coveredconditionals="0" methods="1" coveredmethods="1"/>
        <line num="1" count="1" type="stmt"/>
        <line num="2" count="1" type="stmt"/>
        <line num="3" count="1" type="stmt"/>
        <line num="4" count="1" type="stmt"/>
        <line num="6" count="1" type="stmt"/>
        <line num="7" count="1" type="stmt"/>
      </file>
    </package>
    <package name="components.giphy-home">
      <metrics statements="37" coveredstatements="36" conditionals="14" coveredconditionals="14" methods="12" coveredmethods="10"/>
      <file name="index.tsx" path="/Users/gigoyal/Projects/personal/giphy-demo/src/components/giphy-home/index.tsx">
        <metrics statements="37" coveredstatements="36" conditionals="14" coveredconditionals="14" methods="12" coveredmethods="10"/>
        <line num="1" count="2" type="stmt"/>
        <line num="2" count="2" type="stmt"/>
        <line num="3" count="2" type="stmt"/>
        <line num="4" count="2" type="stmt"/>
        <line num="5" count="2" type="stmt"/>
        <line num="6" count="2" type="stmt"/>
        <line num="7" count="2" type="stmt"/>
        <line num="8" count="2" type="stmt"/>
        <line num="9" count="2" type="stmt"/>
        <line num="10" count="2" type="stmt"/>
        <line num="11" count="2" type="stmt"/>
        <line num="14" count="9" type="stmt"/>
        <line num="15" count="17" type="cond" truecount="2" falsecount="0"/>
        <line num="16" count="8" type="stmt"/>
        <line num="19" count="2" type="stmt"/>
        <line num="20" count="33" type="stmt"/>
        <line num="21" count="32" type="stmt"/>
        <line num="25" count="32" type="stmt"/>
        <line num="26" count="32" type="stmt"/>
        <line num="28" count="32" type="stmt"/>
        <line num="29" count="1" type="stmt"/>
        <line num="32" count="32" type="stmt"/>
        <line num="34" count="32" type="stmt"/>
        <line num="36" count="2" type="stmt"/>
        <line num="37" count="2" type="stmt"/>
        <line num="38" count="2" type="stmt"/>
        <line num="39" count="2" type="stmt"/>
        <line num="40" count="2" type="stmt"/>
        <line num="41" count="2" type="stmt"/>
        <line num="46" count="32" type="stmt"/>
        <line num="47" count="0" type="stmt"/>
        <line num="53" count="32" type="stmt"/>
        <line num="55" count="2" type="stmt"/>
        <line num="60" count="32" type="stmt"/>
        <line num="61" count="1" type="stmt"/>
        <line num="64" count="32" type="stmt"/>
        <line num="75" count="19" type="stmt"/>
      </file>
    </package>
    <package name="components.grid">
      <metrics statements="32" coveredstatements="29" conditionals="12" coveredconditionals="10" methods="6" coveredmethods="5"/>
      <file name="index.tsx" path="/Users/gigoyal/Projects/personal/giphy-demo/src/components/grid/index.tsx">
        <metrics statements="32" coveredstatements="29" conditionals="12" coveredconditionals="10" methods="6" coveredmethods="5"/>
        <line num="1" count="3" type="stmt"/>
        <line num="2" count="3" type="stmt"/>
        <line num="3" count="3" type="stmt"/>
        <line num="4" count="3" type="stmt"/>
        <line num="5" count="3" type="stmt"/>
        <line num="6" count="3" type="stmt"/>
        <line num="17" count="34" type="cond" truecount="1" falsecount="0"/>
        <line num="18" count="33" type="stmt"/>
        <line num="19" count="33" type="stmt"/>
        <line num="20" count="130" type="stmt"/>
        <line num="23" count="33" type="stmt"/>
        <line num="24" count="33" type="stmt"/>
        <line num="25" count="26" type="stmt"/>
        <line num="26" count="26" type="stmt"/>
        <line num="27" count="26" type="cond" truecount="1" falsecount="0"/>
        <line num="28" count="2" type="stmt"/>
        <line num="32" count="33" type="stmt"/>
        <line num="35" count="3" type="stmt"/>
        <line num="36" count="198" type="cond" truecount="1" falsecount="1"/>
        <line num="38" count="33" type="stmt"/>
        <line num="40" count="33" type="stmt"/>
        <line num="41" count="0" type="stmt"/>
        <line num="42" count="0" type="cond" truecount="0" falsecount="1"/>
        <line num="43" count="0" type="stmt"/>
        <line num="47" count="33" type="stmt"/>
        <line num="48" count="10" type="stmt"/>
        <line num="53" count="10" type="stmt"/>
        <line num="54" count="10" type="cond" truecount="1" falsecount="0"/>
        <line num="55" count="10" type="stmt"/>
        <line num="59" count="33" type="stmt"/>
        <line num="61" count="33" type="stmt"/>
        <line num="70" count="130" type="stmt"/>
      </file>
    </package>
    <package name="components.grid.header">
      <metrics statements="4" coveredstatements="4" conditionals="0" coveredconditionals="0" methods="1" coveredmethods="1"/>
      <file name="index.tsx" path="/Users/gigoyal/Projects/personal/giphy-demo/src/components/grid/header/index.tsx">
        <metrics statements="4" coveredstatements="4" conditionals="0" coveredconditionals="0" methods="1" coveredmethods="1"/>
        <line num="1" count="4" type="stmt"/>
        <line num="8" count="4" type="stmt"/>
        <line num="9" count="32" type="stmt"/>
        <line num="10" count="32" type="stmt"/>
      </file>
    </package>
    <package name="components.grid.item">
      <metrics statements="7" coveredstatements="7" conditionals="0" coveredconditionals="0" methods="2" coveredmethods="2"/>
      <file name="index.tsx" path="/Users/gigoyal/Projects/personal/giphy-demo/src/components/grid/item/index.tsx">
        <metrics statements="7" coveredstatements="7" conditionals="0" coveredconditionals="0" methods="2" coveredmethods="2"/>
        <line num="1" count="3" type="stmt"/>
        <line num="2" count="3" type="stmt"/>
        <line num="10" count="3" type="stmt"/>
        <line num="11" count="63" type="stmt"/>
        <line num="13" count="21" type="stmt"/>
        <line num="14" count="3" type="stmt"/>
        <line num="17" count="21" type="stmt"/>
      </file>
    </package>
    <package name="components.icon">
      <metrics statements="8" coveredstatements="8" conditionals="0" coveredconditionals="0" methods="1" coveredmethods="1"/>
      <file name="index.tsx" path="/Users/gigoyal/Projects/personal/giphy-demo/src/components/icon/index.tsx">
        <metrics statements="8" coveredstatements="8" conditionals="0" coveredconditionals="0" methods="1" coveredmethods="1"/>
        <line num="1" count="6" type="stmt"/>
        <line num="3" count="6" type="stmt"/>
        <line num="7" count="6" type="stmt"/>
        <line num="20" count="6" type="stmt"/>
        <line num="21" count="304" type="stmt"/>
        <line num="22" count="76" type="stmt"/>
        <line num="23" count="76" type="stmt"/>
        <line num="25" count="76" type="stmt"/>
      </file>
    </package>
    <package name="components.modal">
      <metrics statements="12" coveredstatements="12" conditionals="3" coveredconditionals="3" methods="2" coveredmethods="2"/>
      <file name="index.tsx" path="/Users/gigoyal/Projects/personal/giphy-demo/src/components/modal/index.tsx">
        <metrics statements="12" coveredstatements="12" conditionals="3" coveredconditionals="3" methods="2" coveredmethods="2"/>
        <line num="1" count="3" type="stmt"/>
        <line num="2" count="3" type="stmt"/>
        <line num="3" count="3" type="stmt"/>
        <line num="12" count="3" type="stmt"/>
        <line num="13" count="144" type="stmt"/>
        <line num="15" count="36" type="stmt"/>
        <line num="16" count="16" type="cond" truecount="2" falsecount="0"/>
        <line num="17" count="5" type="stmt"/>
        <line num="19" count="11" type="stmt"/>
        <line num="23" count="36" type="cond" truecount="1" falsecount="0"/>
        <line num="24" count="31" type="stmt"/>
        <line num="27" count="5" type="stmt"/>
      </file>
    </package>
    <package name="components.notification">
      <metrics statements="5" coveredstatements="5" conditionals="0" coveredconditionals="0" methods="1" coveredmethods="1"/>
      <file name="index.tsx" path="/Users/gigoyal/Projects/personal/giphy-demo/src/components/notification/index.tsx">
        <metrics statements="5" coveredstatements="5" conditionals="0" coveredconditionals="0" methods="1" coveredmethods="1"/>
        <line num="1" count="1" type="stmt"/>
        <line num="3" count="1" type="stmt"/>
        <line num="11" count="1" type="stmt"/>
        <line num="12" count="6" type="stmt"/>
        <line num="14" count="2" type="stmt"/>
      </file>
    </package>
    <package name="components.renditions">
      <metrics statements="8" coveredstatements="8" conditionals="0" coveredconditionals="0" methods="1" coveredmethods="1"/>
      <file name="index.tsx" path="/Users/gigoyal/Projects/personal/giphy-demo/src/components/renditions/index.tsx">
        <metrics statements="8" coveredstatements="8" conditionals="0" coveredconditionals="0" methods="1" coveredmethods="1"/>
        <line num="1" count="3" type="stmt"/>
        <line num="2" count="3" type="stmt"/>
        <line num="4" count="3" type="stmt"/>
        <line num="5" count="3" type="stmt"/>
        <line num="11" count="3" type="stmt"/>
        <line num="12" count="5" type="stmt"/>
        <line num="13" count="5" type="stmt"/>
        <line num="15" count="5" type="stmt"/>
      </file>
    </package>
    <package name="components.renditions.rendition">
      <metrics statements="4" coveredstatements="4" conditionals="9" coveredconditionals="9" methods="1" coveredmethods="1"/>
      <file name="index.tsx" path="/Users/gigoyal/Projects/personal/giphy-demo/src/components/renditions/rendition/index.tsx">
        <metrics statements="4" coveredstatements="4" conditionals="9" coveredconditionals="9" methods="1" coveredmethods="1"/>
        <line num="1" count="4" type="stmt"/>
        <line num="12" count="4" type="stmt"/>
        <line num="13" count="9" type="stmt"/>
        <line num="14" count="9" type="stmt"/>
      </file>
    </package>
    <package name="components.renditions.sidebar">
      <metrics statements="6" coveredstatements="6" conditionals="0" coveredconditionals="0" methods="2" coveredmethods="2"/>
      <file name="index.tsx" path="/Users/gigoyal/Projects/personal/giphy-demo/src/components/renditions/sidebar/index.tsx">
        <metrics statements="6" coveredstatements="6" conditionals="0" coveredconditionals="0" methods="2" coveredmethods="2"/>
        <line num="1" count="4" type="stmt"/>
        <line num="3" count="4" type="stmt"/>
        <line num="11" count="4" type="stmt"/>
        <line num="12" count="21" type="stmt"/>
        <line num="14" count="7" type="stmt"/>
        <line num="16" count="19" type="stmt"/>
      </file>
    </package>
    <package name="components.renditions.sidebar-item">
      <metrics statements="8" coveredstatements="8" conditionals="2" coveredconditionals="2" methods="2" coveredmethods="2"/>
      <file name="index.tsx" path="/Users/gigoyal/Projects/personal/giphy-demo/src/components/renditions/sidebar-item/index.tsx">
        <metrics statements="8" coveredstatements="8" conditionals="2" coveredconditionals="2" methods="2" coveredmethods="2"/>
        <line num="1" count="5" type="stmt"/>
        <line num="2" count="5" type="stmt"/>
        <line num="3" count="5" type="stmt"/>
        <line num="11" count="5" type="stmt"/>
        <line num="12" count="66" type="stmt"/>
        <line num="14" count="22" type="stmt"/>
        <line num="15" count="3" type="stmt"/>
        <line num="18" count="22" type="stmt"/>
      </file>
    </package>
    <package name="components.search-bar">
      <metrics statements="10" coveredstatements="10" conditionals="2" coveredconditionals="2" methods="3" coveredmethods="3"/>
      <file name="index.tsx" path="/Users/gigoyal/Projects/personal/giphy-demo/src/components/search-bar/index.tsx">
        <metrics statements="10" coveredstatements="10" conditionals="2" coveredconditionals="2" methods="3" coveredmethods="3"/>
        <line num="1" count="3" type="stmt"/>
        <line num="2" count="3" type="stmt"/>
        <line num="3" count="3" type="stmt"/>
        <line num="10" count="3" type="stmt"/>
        <line num="11" count="70" type="stmt"/>
        <line num="13" count="35" type="stmt"/>
        <line num="14" count="3" type="stmt"/>
        <line num="17" count="35" type="stmt"/>
        <line num="18" count="1" type="stmt"/>
        <line num="21" count="35" type="stmt"/>
      </file>
    </package>
    <package name="components.topbar">
      <metrics statements="5" coveredstatements="5" conditionals="0" coveredconditionals="0" methods="1" coveredmethods="1"/>
      <file name="index.tsx" path="/Users/gigoyal/Projects/personal/giphy-demo/src/components/topbar/index.tsx">
        <metrics statements="5" coveredstatements="5" conditionals="0" coveredconditionals="0" methods="1" coveredmethods="1"/>
        <line num="1" count="2" type="stmt"/>
        <line num="2" count="2" type="stmt"/>
        <line num="3" count="2" type="stmt"/>
        <line num="5" count="2" type="stmt"/>
        <line num="6" count="2" type="stmt"/>
      </file>
    </package>
    <package name="icons">
      <metrics statements="7" coveredstatements="7" conditionals="0" coveredconditionals="0" methods="0" coveredmethods="0"/>
      <file name="cross.svg" path="/Users/gigoyal/Projects/personal/giphy-demo/src/icons/cross.svg">
        <metrics statements="1" coveredstatements="1" conditionals="0" coveredconditionals="0" methods="0" coveredmethods="0"/>
        <line num="1" count="6" type="stmt"/>
      </file>
      <file name="index.ts" path="/Users/gigoyal/Projects/personal/giphy-demo/src/icons/index.ts">
        <metrics statements="4" coveredstatements="4" conditionals="0" coveredconditionals="0" methods="0" coveredmethods="0"/>
        <line num="1" count="6" type="stmt"/>
        <line num="2" count="6" type="stmt"/>
        <line num="3" count="6" type="stmt"/>
        <line num="5" count="6" type="stmt"/>
      </file>
      <file name="search.svg" path="/Users/gigoyal/Projects/personal/giphy-demo/src/icons/search.svg">
        <metrics statements="1" coveredstatements="1" conditionals="0" coveredconditionals="0" methods="0" coveredmethods="0"/>
        <line num="1" count="6" type="stmt"/>
      </file>
      <file name="trending.svg" path="/Users/gigoyal/Projects/personal/giphy-demo/src/icons/trending.svg">
        <metrics statements="1" coveredstatements="1" conditionals="0" coveredconditionals="0" methods="0" coveredmethods="0"/>
        <line num="1" count="6" type="stmt"/>
      </file>
    </package>
    <package name="mocks">
      <metrics statements="19" coveredstatements="19" conditionals="16" coveredconditionals="8" methods="6" coveredmethods="3"/>
      <file name="index.ts" path="/Users/gigoyal/Projects/personal/giphy-demo/src/mocks/index.ts">
        <metrics statements="19" coveredstatements="19" conditionals="16" coveredconditionals="8" methods="6" coveredmethods="3"/>
        <line num="1" count="10" type="cond" truecount="1" falsecount="1"/>
        <line num="2" count="10" type="cond" truecount="1" falsecount="1"/>
        <line num="3" count="10" type="cond" truecount="1" falsecount="1"/>
        <line num="4" count="10" type="cond" truecount="1" falsecount="1"/>
        <line num="5" count="10" type="cond" truecount="1" falsecount="1"/>
        <line num="6" count="10" type="cond" truecount="1" falsecount="1"/>
        <line num="7" count="10" type="cond" truecount="1" falsecount="1"/>
        <line num="8" count="10" type="cond" truecount="1" falsecount="1"/>
        <line num="10" count="10" type="stmt"/>
        <line num="11" count="10" type="stmt"/>
        <line num="12" count="10" type="stmt"/>
        <line num="13" count="10" type="stmt"/>
        <line num="14" count="10" type="stmt"/>
        <line num="15" count="10" type="stmt"/>
        <line num="16" count="10" type="stmt"/>
        <line num="17" count="10" type="stmt"/>
        <line num="18" count="10" type="stmt"/>
        <line num="20" count="10" type="stmt"/>
        <line num="26" count="10" type="stmt"/>
      </file>
    </package>
  </project>
</coverage>
