{"/Users/gigoyal/Projects/personal/giphy-demo/src/common/api/constants.ts": {"path":"/Users/gigoyal/Projects/personal/giphy-demo/src/common/api/constants.ts","statementMap":{"0":{"start":{"line":1,"column":13},"end":{"line":1,"column":null}},"1":{"start":{"line":2,"column":13},"end":{"line":2,"column":null}},"2":{"start":{"line":3,"column":13},"end":{"line":3,"column":null}},"3":{"start":{"line":4,"column":13},"end":{"line":4,"column":null}}},"fnMap":{},"branchMap":{},"s":{"0":3,"1":3,"2":3,"3":3},"f":{},"b":{}}
,"/Users/gigoyal/Projects/personal/giphy-demo/src/common/api/giphy.ts": {"path":"/Users/gigoyal/Projects/personal/giphy-demo/src/common/api/giphy.ts","statementMap":{"0":{"start":{"line":1,"column":0},"end":{"line":1,"column":25}},"1":{"start":{"line":3,"column":0},"end":{"line":3,"column":59}},"2":{"start":{"line":9,"column":13},"end":{"line":9,"column":null}},"3":{"start":{"line":9,"column":37},"end":{"line":9,"column":67}},"4":{"start":{"line":9,"column":67},"end":{"line":9,"column":null}},"5":{"start":{"line":11,"column":16},"end":{"line":18,"column":1}},"6":{"start":{"line":12,"column":4},"end":{"line":17,"column":null}},"7":{"start":{"line":20,"column":13},"end":{"line":33,"column":null}},"8":{"start":{"line":20,"column":32},"end":{"line":20,"column":34}},"9":{"start":{"line":20,"column":40},"end":{"line":20,"column":42}},"10":{"start":{"line":20,"column":47},"end":{"line":20,"column":61}},"11":{"start":{"line":22,"column":14},"end":{"line":22,"column":null}},"12":{"start":{"line":23,"column":39},"end":{"line":27,"column":null}},"13":{"start":{"line":23,"column":14},"end":{"line":27,"column":null}},"14":{"start":{"line":29,"column":8},"end":{"line":29,"column":null}},"15":{"start":{"line":31,"column":8},"end":{"line":31,"column":null}},"16":{"start":{"line":35,"column":13},"end":{"line":47,"column":null}},"17":{"start":{"line":35,"column":39},"end":{"line":35,"column":41}},"18":{"start":{"line":35,"column":46},"end":{"line":35,"column":60}},"19":{"start":{"line":37,"column":14},"end":{"line":37,"column":null}},"20":{"start":{"line":38,"column":23},"end":{"line":41,"column":null}},"21":{"start":{"line":38,"column":14},"end":{"line":41,"column":null}},"22":{"start":{"line":43,"column":8},"end":{"line":43,"column":null}},"23":{"start":{"line":45,"column":8},"end":{"line":45,"column":null}}},"fnMap":{"0":{"name":"(anonymous_16)","decl":{"start":{"line":9,"column":22},"end":{"line":9,"column":23}},"loc":{"start":{"line":9,"column":54},"end":{"line":9,"column":70}}},"1":{"name":"(anonymous_17)","decl":{"start":{"line":11,"column":16},"end":{"line":11,"column":17}},"loc":{"start":{"line":11,"column":48},"end":{"line":18,"column":1}}},"2":{"name":"(anonymous_18)","decl":{"start":{"line":20,"column":22},"end":{"line":20,"column":29}},"loc":{"start":{"line":20,"column":61},"end":{"line":33,"column":null}}},"3":{"name":"(anonymous_21)","decl":{"start":{"line":35,"column":24},"end":{"line":35,"column":31}},"loc":{"start":{"line":35,"column":60},"end":{"line":47,"column":null}}}},"branchMap":{"0":{"loc":{"start":{"line":9,"column":37},"end":{"line":9,"column":67}},"type":"if","locations":[{"start":{"line":9,"column":37},"end":{"line":9,"column":67}}]}},"s":{"0":3,"1":3,"2":3,"3":14,"4":7,"5":3,"6":7,"7":3,"8":3,"9":3,"10":3,"11":3,"12":3,"13":3,"14":2,"15":1,"16":3,"17":4,"18":4,"19":4,"20":4,"21":3,"22":2,"23":1},"f":{"0":7,"1":7,"2":3,"3":4},"b":{"0":[7]}}
,"/Users/gigoyal/Projects/personal/giphy-demo/src/common/hooks/useFetch.ts": {"path":"/Users/gigoyal/Projects/personal/giphy-demo/src/common/hooks/useFetch.ts","statementMap":{"0":{"start":{"line":1,"column":0},"end":{"line":1,"column":82}},"1":{"start":{"line":4,"column":0},"end":{"line":4,"column":9}},"2":{"start":{"line":15,"column":34},"end":{"line":15,"column":48}},"3":{"start":{"line":15,"column":18},"end":{"line":15,"column":20}},"4":{"start":{"line":15,"column":30},"end":{"line":15,"column":34}},"5":{"start":{"line":16,"column":30},"end":{"line":16,"column":42}},"6":{"start":{"line":16,"column":16},"end":{"line":16,"column":18}},"7":{"start":{"line":16,"column":26},"end":{"line":16,"column":30}},"8":{"start":{"line":17,"column":36},"end":{"line":17,"column":48}},"9":{"start":{"line":17,"column":19},"end":{"line":17,"column":21}},"10":{"start":{"line":17,"column":32},"end":{"line":17,"column":36}},"11":{"start":{"line":19,"column":22},"end":{"line":31,"column":21}},"12":{"start":{"line":19,"column":34},"end":{"line":31,"column":7}},"13":{"start":{"line":21,"column":12},"end":{"line":21,"column":null}},"14":{"start":{"line":22,"column":12},"end":{"line":22,"column":null}},"15":{"start":{"line":23,"column":22},"end":{"line":23,"column":null}},"16":{"start":{"line":23,"column":18},"end":{"line":23,"column":null}},"17":{"start":{"line":24,"column":12},"end":{"line":24,"column":null}},"18":{"start":{"line":25,"column":20},"end":{"line":25,"column":29}},"19":{"start":{"line":26,"column":12},"end":{"line":26,"column":null}},"20":{"start":{"line":26,"column":40},"end":{"line":26,"column":84}},"21":{"start":{"line":27,"column":12},"end":{"line":27,"column":null}},"22":{"start":{"line":29,"column":12},"end":{"line":29,"column":null}},"23":{"start":{"line":33,"column":4},"end":{"line":35,"column":null}},"24":{"start":{"line":34,"column":8},"end":{"line":34,"column":null}},"25":{"start":{"line":37,"column":4},"end":{"line":37,"column":null}},"26":{"start":{"line":40,"column":0},"end":{"line":40,"column":null}}},"fnMap":{"0":{"name":"useFetch","decl":{"start":{"line":4,"column":9},"end":{"line":4,"column":17}},"loc":{"start":{"line":7,"column":26},"end":{"line":38,"column":1}}},"1":{"name":"(anonymous_15)","decl":{"start":{"line":19,"column":34},"end":{"line":19,"column":null}},"loc":{"start":{"line":19,"column":34},"end":{"line":31,"column":7}}},"2":{"name":"(anonymous_18)","decl":{"start":{"line":26,"column":30},"end":{"line":26,"column":31}},"loc":{"start":{"line":26,"column":35},"end":{"line":26,"column":41}}},"3":{"name":"(anonymous_19)","decl":{"start":{"line":33,"column":14},"end":{"line":33,"column":null}},"loc":{"start":{"line":33,"column":14},"end":{"line":35,"column":5}}}},"branchMap":{"0":{"loc":{"start":{"line":26,"column":41},"end":{"line":26,"column":82}},"type":"cond-expr","locations":[{"start":{"line":26,"column":56},"end":{"line":26,"column":76}},{"start":{"line":26,"column":78},"end":{"line":26,"column":82}}]}},"s":{"0":2,"1":32,"2":32,"3":32,"4":32,"5":32,"6":32,"7":32,"8":32,"9":32,"10":32,"11":32,"12":9,"13":18,"14":18,"15":9,"16":8,"17":8,"18":8,"19":16,"20":8,"21":8,"22":0,"23":32,"24":9,"25":32,"26":2},"f":{"0":32,"1":18,"2":8,"3":9},"b":{"0":[8,0]}}
,"/Users/gigoyal/Projects/personal/giphy-demo/src/components/app/index.tsx": {"path":"/Users/gigoyal/Projects/personal/giphy-demo/src/components/app/index.tsx","statementMap":{"0":{"start":{"line":1,"column":0},"end":{"line":1,"column":30}},"1":{"start":{"line":2,"column":0},"end":{"line":2,"column":49}},"2":{"start":{"line":3,"column":0},"end":{"line":3,"column":37}},"3":{"start":{"line":4,"column":0},"end":{"line":4,"column":30}},"4":{"start":{"line":7,"column":4},"end":{"line":12,"column":null}},"5":{"start":{"line":6,"column":0},"end":{"line":6,"column":24}}},"fnMap":{"0":{"name":"App","decl":{"start":{"line":6,"column":24},"end":{"line":6,"column":27}},"loc":{"start":{"line":6,"column":27},"end":{"line":13,"column":1}}}},"branchMap":{},"s":{"0":1,"1":1,"2":1,"3":1,"4":1,"5":1},"f":{"0":1},"b":{}}
,"/Users/gigoyal/Projects/personal/giphy-demo/src/components/giphy-home/index.tsx": {"path":"/Users/gigoyal/Projects/personal/giphy-demo/src/components/giphy-home/index.tsx","statementMap":{"0":{"start":{"line":1,"column":0},"end":{"line":1,"column":30}},"1":{"start":{"line":2,"column":0},"end":{"line":2,"column":59}},"2":{"start":{"line":3,"column":0},"end":{"line":3,"column":49}},"3":{"start":{"line":4,"column":0},"end":{"line":4,"column":37}},"4":{"start":{"line":5,"column":0},"end":{"line":5,"column":26}},"5":{"start":{"line":6,"column":0},"end":{"line":6,"column":35}},"6":{"start":{"line":7,"column":0},"end":{"line":7,"column":57}},"7":{"start":{"line":8,"column":0},"end":{"line":8,"column":50}},"8":{"start":{"line":9,"column":0},"end":{"line":9,"column":33}},"9":{"start":{"line":10,"column":0},"end":{"line":10,"column":28}},"10":{"start":{"line":11,"column":0},"end":{"line":11,"column":38}},"11":{"start":{"line":14,"column":16},"end":{"line":17,"column":null}},"12":{"start":{"line":14,"column":41},"end":{"line":17,"column":null}},"13":{"start":{"line":15,"column":16},"end":{"line":15,"column":22}},"14":{"start":{"line":15,"column":27},"end":{"line":15,"column":50}},"15":{"start":{"line":15,"column":50},"end":{"line":15,"column":null}},"16":{"start":{"line":15,"column":10},"end":{"line":15,"column":null}},"17":{"start":{"line":16,"column":4},"end":{"line":16,"column":null}},"18":{"start":{"line":20,"column":40},"end":{"line":20,"column":52}},"19":{"start":{"line":20,"column":21},"end":{"line":20,"column":23}},"20":{"start":{"line":20,"column":36},"end":{"line":20,"column":40}},"21":{"start":{"line":21,"column":32},"end":{"line":24,"column":6}},"22":{"start":{"line":21,"column":17},"end":{"line":21,"column":19}},"23":{"start":{"line":21,"column":28},"end":{"line":21,"column":32}},"24":{"start":{"line":25,"column":44},"end":{"line":25,"column":58}},"25":{"start":{"line":25,"column":23},"end":{"line":25,"column":25}},"26":{"start":{"line":25,"column":40},"end":{"line":25,"column":44}},"27":{"start":{"line":26,"column":47},"end":{"line":26,"column":78}},"28":{"start":{"line":26,"column":19},"end":{"line":26,"column":21}},"29":{"start":{"line":26,"column":29},"end":{"line":26,"column":31}},"30":{"start":{"line":26,"column":42},"end":{"line":26,"column":47}},"31":{"start":{"line":28,"column":30},"end":{"line":30,"column":10}},"32":{"start":{"line":29,"column":8},"end":{"line":29,"column":null}},"33":{"start":{"line":29,"column":28},"end":{"line":29,"column":53}},"34":{"start":{"line":32,"column":39},"end":{"line":32,"column":89}},"35":{"start":{"line":34,"column":31},"end":{"line":43,"column":null}},"36":{"start":{"line":36,"column":12},"end":{"line":36,"column":null}},"37":{"start":{"line":37,"column":27},"end":{"line":37,"column":29}},"38":{"start":{"line":38,"column":12},"end":{"line":38,"column":null}},"39":{"start":{"line":39,"column":12},"end":{"line":39,"column":null}},"40":{"start":{"line":40,"column":12},"end":{"line":40,"column":null}},"41":{"start":{"line":41,"column":12},"end":{"line":41,"column":null}},"42":{"start":{"line":46,"column":27},"end":{"line":51,"column":10}},"43":{"start":{"line":47,"column":8},"end":{"line":50,"column":null}},"44":{"start":{"line":47,"column":28},"end":{"line":50,"column":11}},"45":{"start":{"line":53,"column":28},"end":{"line":57,"column":null}},"46":{"start":{"line":55,"column":12},"end":{"line":55,"column":null}},"47":{"start":{"line":55,"column":52},"end":{"line":55,"column":67}},"48":{"start":{"line":60,"column":29},"end":{"line":62,"column":10}},"49":{"start":{"line":61,"column":8},"end":{"line":61,"column":null}},"50":{"start":{"line":64,"column":4},"end":{"line":91,"column":null}},"51":{"start":{"line":75,"column":45},"end":{"line":79,"column":22}},"52":{"start":{"line":19,"column":0},"end":{"line":19,"column":24}}},"fnMap":{"0":{"name":"(anonymous_22)","decl":{"start":{"line":14,"column":16},"end":{"line":14,"column":23}},"loc":{"start":{"line":14,"column":41},"end":{"line":17,"column":null}}},"1":{"name":"(anonymous_23)","decl":{"start":{"line":14,"column":41},"end":{"line":14,"column":null}},"loc":{"start":{"line":14,"column":41},"end":{"line":17,"column":null}}},"2":{"name":"GiphyHome","decl":{"start":{"line":19,"column":24},"end":{"line":19,"column":33}},"loc":{"start":{"line":19,"column":33},"end":{"line":92,"column":1}}},"3":{"name":"(anonymous_26)","decl":{"start":{"line":28,"column":42},"end":{"line":28,"column":43}},"loc":{"start":{"line":28,"column":49},"end":{"line":30,"column":5}}},"4":{"name":"(anonymous_27)","decl":{"start":{"line":29,"column":18},"end":{"line":29,"column":19}},"loc":{"start":{"line":29,"column":23},"end":{"line":29,"column":34}}},"5":{"name":"(anonymous_28)","decl":{"start":{"line":35,"column":8},"end":{"line":35,"column":9}},"loc":{"start":{"line":35,"column":14},"end":{"line":42,"column":9}}},"6":{"name":"(anonymous_29)","decl":{"start":{"line":46,"column":39},"end":{"line":46,"column":null}},"loc":{"start":{"line":46,"column":39},"end":{"line":51,"column":5}}},"7":{"name":"(anonymous_30)","decl":{"start":{"line":47,"column":18},"end":{"line":47,"column":19}},"loc":{"start":{"line":47,"column":23},"end":{"line":47,"column":null}}},"8":{"name":"(anonymous_31)","decl":{"start":{"line":54,"column":8},"end":{"line":54,"column":9}},"loc":{"start":{"line":54,"column":11},"end":{"line":56,"column":9}}},"9":{"name":"(anonymous_32)","decl":{"start":{"line":55,"column":42},"end":{"line":55,"column":43}},"loc":{"start":{"line":55,"column":47},"end":{"line":55,"column":56}}},"10":{"name":"(anonymous_33)","decl":{"start":{"line":60,"column":41},"end":{"line":60,"column":null}},"loc":{"start":{"line":60,"column":41},"end":{"line":62,"column":5}}},"11":{"name":"(anonymous_34)","decl":{"start":{"line":75,"column":34},"end":{"line":75,"column":35}},"loc":{"start":{"line":75,"column":40},"end":{"line":75,"column":null}}}},"branchMap":{"0":{"loc":{"start":{"line":15,"column":50},"end":{"line":15,"column":null}},"type":"switch","locations":[{"start":{"line":15,"column":50},"end":{"line":15,"column":null}}]},"1":{"loc":{"start":{"line":15,"column":16},"end":{"line":15,"column":22}},"type":"if","locations":[{"start":{"line":15,"column":16},"end":{"line":15,"column":22}}]},"2":{"loc":{"start":{"line":70,"column":27},"end":{"line":70,"column":69}},"type":"cond-expr","locations":[{"start":{"line":70,"column":40},"end":{"line":70,"column":56}},{"start":{"line":70,"column":59},"end":{"line":70,"column":69}}]},"3":{"loc":{"start":{"line":71,"column":32},"end":{"line":71,"column":67}},"type":"cond-expr","locations":[{"start":{"line":71,"column":45},"end":{"line":71,"column":54}},{"start":{"line":71,"column":57},"end":{"line":71,"column":67}}]},"4":{"loc":{"start":{"line":85,"column":23},"end":{"line":85,"column":42}},"type":"cond-expr","locations":[{"start":{"line":85,"column":35},"end":{"line":85,"column":37}},{"start":{"line":85,"column":23},"end":{"line":85,"column":42}}]},"5":{"loc":{"start":{"line":85,"column":23},"end":{"line":85,"column":37}},"type":"binary-expr","locations":[{"start":{"line":85,"column":23},"end":{"line":85,"column":37}},{"start":{"line":85,"column":23},"end":{"line":85,"column":37}}]},"6":{"loc":{"start":{"line":88,"column":40},"end":{"line":88,"column":60}},"type":"cond-expr","locations":[{"start":{"line":88,"column":52},"end":{"line":88,"column":54}},{"start":{"line":88,"column":40},"end":{"line":88,"column":60}}]},"7":{"loc":{"start":{"line":88,"column":40},"end":{"line":88,"column":54}},"type":"binary-expr","locations":[{"start":{"line":88,"column":40},"end":{"line":88,"column":54}},{"start":{"line":88,"column":40},"end":{"line":88,"column":54}}]}},"s":{"0":2,"1":2,"2":2,"3":2,"4":2,"5":2,"6":2,"7":2,"8":2,"9":2,"10":2,"11":2,"12":9,"13":17,"14":2,"15":15,"16":8,"17":8,"18":33,"19":32,"20":32,"21":32,"22":32,"23":32,"24":32,"25":32,"26":32,"27":32,"28":32,"29":32,"30":32,"31":32,"32":1,"33":1,"34":32,"35":32,"36":2,"37":2,"38":2,"39":2,"40":2,"41":2,"42":32,"43":0,"44":0,"45":32,"46":2,"47":2,"48":32,"49":1,"50":32,"51":19,"52":2},"f":{"0":9,"1":9,"2":33,"3":1,"4":1,"5":2,"6":0,"7":0,"8":2,"9":2,"10":1,"11":19},"b":{"0":[8],"1":[8],"2":[7,25],"3":[7,25],"4":[30,2],"5":[32,2],"6":[30,2],"7":[32,2]}}
,"/Users/gigoyal/Projects/personal/giphy-demo/src/components/grid/index.tsx": {"path":"/Users/gigoyal/Projects/personal/giphy-demo/src/components/grid/index.tsx","statementMap":{"0":{"start":{"line":1,"column":0},"end":{"line":1,"column":30}},"1":{"start":{"line":2,"column":0},"end":{"line":2,"column":68}},"2":{"start":{"line":3,"column":0},"end":{"line":3,"column":42}},"3":{"start":{"line":4,"column":0},"end":{"line":4,"column":45}},"4":{"start":{"line":5,"column":0},"end":{"line":5,"column":39}},"5":{"start":{"line":6,"column":0},"end":{"line":6,"column":42}},"6":{"start":{"line":17,"column":24},"end":{"line":33,"column":1}},"7":{"start":{"line":17,"column":25},"end":{"line":17,"column":61}},"8":{"start":{"line":18,"column":24},"end":{"line":18,"column":26}},"9":{"start":{"line":19,"column":4},"end":{"line":21,"column":null}},"10":{"start":{"line":19,"column":23},"end":{"line":19,"column":24}},"11":{"start":{"line":20,"column":8},"end":{"line":20,"column":null}},"12":{"start":{"line":23,"column":19},"end":{"line":23,"column":20}},"13":{"start":{"line":24,"column":4},"end":{"line":30,"column":null}},"14":{"start":{"line":25,"column":8},"end":{"line":25,"column":null}},"15":{"start":{"line":26,"column":8},"end":{"line":26,"column":null}},"16":{"start":{"line":27,"column":8},"end":{"line":29,"column":null}},"17":{"start":{"line":28,"column":12},"end":{"line":28,"column":null}},"18":{"start":{"line":32,"column":4},"end":{"line":32,"column":null}},"19":{"start":{"line":36,"column":80},"end":{"line":36,"column":null}},"20":{"start":{"line":36,"column":29},"end":{"line":36,"column":35}},"21":{"start":{"line":38,"column":19},"end":{"line":38,"column":31}},"22":{"start":{"line":40,"column":27},"end":{"line":45,"column":10}},"23":{"start":{"line":41,"column":23},"end":{"line":41,"column":33}},"24":{"start":{"line":42,"column":8},"end":{"line":44,"column":null}},"25":{"start":{"line":43,"column":12},"end":{"line":43,"column":null}},"26":{"start":{"line":47,"column":4},"end":{"line":57,"column":null}},"27":{"start":{"line":48,"column":24},"end":{"line":52,"column":null}},"28":{"start":{"line":53,"column":25},"end":{"line":53,"column":74}},"29":{"start":{"line":54,"column":8},"end":{"line":56,"column":null}},"30":{"start":{"line":55,"column":12},"end":{"line":55,"column":null}},"31":{"start":{"line":59,"column":20},"end":{"line":59,"column":54}},"32":{"start":{"line":61,"column":4},"end":{"line":81,"column":null}},"33":{"start":{"line":70,"column":45},"end":{"line":72,"column":18}},"34":{"start":{"line":35,"column":0},"end":{"line":35,"column":24}}},"fnMap":{"0":{"name":"(anonymous_7)","decl":{"start":{"line":17,"column":24},"end":{"line":17,"column":25}},"loc":{"start":{"line":17,"column":76},"end":{"line":33,"column":1}}},"1":{"name":"(anonymous_8)","decl":{"start":{"line":24,"column":21},"end":{"line":24,"column":22}},"loc":{"start":{"line":24,"column":27},"end":{"line":30,"column":5}}},"2":{"name":"Grid","decl":{"start":{"line":35,"column":24},"end":{"line":35,"column":28}},"loc":{"start":{"line":35,"column":41},"end":{"line":82,"column":1}}},"3":{"name":"(anonymous_10)","decl":{"start":{"line":40,"column":39},"end":{"line":40,"column":40}},"loc":{"start":{"line":40,"column":47},"end":{"line":45,"column":5}}},"4":{"name":"(anonymous_11)","decl":{"start":{"line":47,"column":14},"end":{"line":47,"column":null}},"loc":{"start":{"line":47,"column":14},"end":{"line":57,"column":5}}},"5":{"name":"(anonymous_12)","decl":{"start":{"line":70,"column":29},"end":{"line":70,"column":30}},"loc":{"start":{"line":70,"column":40},"end":{"line":70,"column":null}}}},"branchMap":{"0":{"loc":{"start":{"line":17,"column":25},"end":{"line":17,"column":61}},"type":"if","locations":[{"start":{"line":17,"column":25},"end":{"line":17,"column":61}}]},"1":{"loc":{"start":{"line":27,"column":8},"end":{"line":29,"column":null}},"type":"if","locations":[{"start":{"line":27,"column":8},"end":{"line":29,"column":null}}]},"2":{"loc":{"start":{"line":36,"column":29},"end":{"line":36,"column":35}},"type":"cond-expr","locations":[{"start":{"line":36,"column":32},"end":{"line":36,"column":33}},{"start":{"line":36,"column":33},"end":{"line":36,"column":35}}]},"3":{"loc":{"start":{"line":42,"column":8},"end":{"line":44,"column":null}},"type":"if","locations":[{"start":{"line":42,"column":8},"end":{"line":44,"column":null}}]},"4":{"loc":{"start":{"line":54,"column":8},"end":{"line":56,"column":null}},"type":"if","locations":[{"start":{"line":54,"column":8},"end":{"line":56,"column":null}}]},"5":{"loc":{"start":{"line":63,"column":13},"end":{"line":67,"column":null}},"type":"binary-expr","locations":[{"start":{"line":63,"column":13},"end":{"line":63,"column":18}},{"start":{"line":64,"column":16},"end":{"line":66,"column":null}}]},"6":{"loc":{"start":{"line":65,"column":21},"end":{"line":65,"column":61}},"type":"binary-expr","locations":[{"start":{"line":65,"column":21},"end":{"line":65,"column":31}},{"start":{"line":65,"column":35},"end":{"line":65,"column":61}}]},"7":{"loc":{"start":{"line":74,"column":13},"end":{"line":77,"column":null}},"type":"binary-expr","locations":[{"start":{"line":74,"column":13},"end":{"line":74,"column":22}},{"start":{"line":75,"column":16},"end":{"line":76,"column":null}}]}},"s":{"0":3,"1":3,"2":3,"3":3,"4":3,"5":3,"6":3,"7":34,"8":33,"9":33,"10":33,"11":130,"12":33,"13":33,"14":26,"15":26,"16":26,"17":2,"18":33,"19":198,"20":33,"21":33,"22":33,"23":0,"24":0,"25":0,"26":33,"27":10,"28":10,"29":10,"30":10,"31":33,"32":33,"33":130,"34":3},"f":{"0":33,"1":26,"2":33,"3":0,"4":10,"5":130},"b":{"0":[1],"1":[2],"2":[0,33],"3":[0],"4":[10],"5":[33,31],"6":[31,25],"7":[33,18]}}
,"/Users/gigoyal/Projects/personal/giphy-demo/src/components/grid/header/index.tsx": {"path":"/Users/gigoyal/Projects/personal/giphy-demo/src/components/grid/header/index.tsx","statementMap":{"0":{"start":{"line":1,"column":0},"end":{"line":1,"column":30}},"1":{"start":{"line":9,"column":25},"end":{"line":9,"column":null}},"2":{"start":{"line":10,"column":4},"end":{"line":10,"column":null}},"3":{"start":{"line":8,"column":0},"end":{"line":8,"column":24}}},"fnMap":{"0":{"name":"GridHeader","decl":{"start":{"line":8,"column":24},"end":{"line":8,"column":34}},"loc":{"start":{"line":8,"column":47},"end":{"line":11,"column":1}}}},"branchMap":{},"s":{"0":4,"1":32,"2":32,"3":4},"f":{"0":32},"b":{}}
,"/Users/gigoyal/Projects/personal/giphy-demo/src/components/grid/item/index.tsx": {"path":"/Users/gigoyal/Projects/personal/giphy-demo/src/components/grid/item/index.tsx","statementMap":{"0":{"start":{"line":1,"column":0},"end":{"line":1,"column":30}},"1":{"start":{"line":2,"column":0},"end":{"line":2,"column":49}},"2":{"start":{"line":11,"column":38},"end":{"line":11,"column":null}},"3":{"start":{"line":13,"column":26},"end":{"line":15,"column":10}},"4":{"start":{"line":14,"column":8},"end":{"line":14,"column":null}},"5":{"start":{"line":17,"column":4},"end":{"line":21,"column":null}},"6":{"start":{"line":10,"column":0},"end":{"line":10,"column":24}}},"fnMap":{"0":{"name":"GridItem","decl":{"start":{"line":10,"column":24},"end":{"line":10,"column":32}},"loc":{"start":{"line":10,"column":45},"end":{"line":22,"column":1}}},"1":{"name":"(anonymous_7)","decl":{"start":{"line":13,"column":38},"end":{"line":13,"column":null}},"loc":{"start":{"line":13,"column":38},"end":{"line":15,"column":5}}}},"branchMap":{},"s":{"0":3,"1":3,"2":63,"3":21,"4":3,"5":21,"6":3},"f":{"0":21,"1":3},"b":{}}
,"/Users/gigoyal/Projects/personal/giphy-demo/src/components/icon/index.tsx": {"path":"/Users/gigoyal/Projects/personal/giphy-demo/src/components/icon/index.tsx","statementMap":{"0":{"start":{"line":1,"column":0},"end":{"line":1,"column":30}},"1":{"start":{"line":3,"column":0},"end":{"line":3,"column":36}},"2":{"start":{"line":7,"column":53},"end":{"line":11,"column":null}},"3":{"start":{"line":21,"column":68},"end":{"line":21,"column":null}},"4":{"start":{"line":22,"column":21},"end":{"line":22,"column":32}},"5":{"start":{"line":23,"column":17},"end":{"line":23,"column":34}},"6":{"start":{"line":25,"column":4},"end":{"line":29,"column":null}},"7":{"start":{"line":20,"column":0},"end":{"line":20,"column":24}}},"fnMap":{"0":{"name":"Icon","decl":{"start":{"line":20,"column":24},"end":{"line":20,"column":28}},"loc":{"start":{"line":20,"column":41},"end":{"line":30,"column":1}}}},"branchMap":{},"s":{"0":6,"1":6,"2":6,"3":304,"4":76,"5":76,"6":76,"7":6},"f":{"0":76},"b":{}}
,"/Users/gigoyal/Projects/personal/giphy-demo/src/components/modal/index.tsx": {"path":"/Users/gigoyal/Projects/personal/giphy-demo/src/components/modal/index.tsx","statementMap":{"0":{"start":{"line":1,"column":0},"end":{"line":1,"column":30}},"1":{"start":{"line":2,"column":0},"end":{"line":2,"column":47}},"2":{"start":{"line":3,"column":0},"end":{"line":3,"column":26}},"3":{"start":{"line":13,"column":52},"end":{"line":13,"column":null}},"4":{"start":{"line":15,"column":4},"end":{"line":21,"column":null}},"5":{"start":{"line":16,"column":8},"end":{"line":20,"column":null}},"6":{"start":{"line":17,"column":12},"end":{"line":17,"column":null}},"7":{"start":{"line":19,"column":12},"end":{"line":19,"column":null}},"8":{"start":{"line":23,"column":4},"end":{"line":25,"column":null}},"9":{"start":{"line":24,"column":8},"end":{"line":24,"column":null}},"10":{"start":{"line":27,"column":4},"end":{"line":38,"column":null}},"11":{"start":{"line":12,"column":0},"end":{"line":12,"column":24}}},"fnMap":{"0":{"name":"Modal","decl":{"start":{"line":12,"column":24},"end":{"line":12,"column":29}},"loc":{"start":{"line":12,"column":42},"end":{"line":39,"column":1}}},"1":{"name":"(anonymous_8)","decl":{"start":{"line":15,"column":14},"end":{"line":15,"column":null}},"loc":{"start":{"line":15,"column":14},"end":{"line":21,"column":5}}}},"branchMap":{"0":{"loc":{"start":{"line":16,"column":8},"end":{"line":20,"column":null}},"type":"if","locations":[{"start":{"line":16,"column":8},"end":{"line":20,"column":null}},{"start":{"line":18,"column":15},"end":{"line":20,"column":null}}]},"1":{"loc":{"start":{"line":23,"column":4},"end":{"line":25,"column":null}},"type":"if","locations":[{"start":{"line":23,"column":4},"end":{"line":25,"column":null}}]}},"s":{"0":3,"1":3,"2":3,"3":144,"4":36,"5":16,"6":5,"7":11,"8":36,"9":31,"10":5,"11":3},"f":{"0":36,"1":16},"b":{"0":[5,11],"1":[31]}}
,"/Users/gigoyal/Projects/personal/giphy-demo/src/components/notification/index.tsx": {"path":"/Users/gigoyal/Projects/personal/giphy-demo/src/components/notification/index.tsx","statementMap":{"0":{"start":{"line":1,"column":0},"end":{"line":1,"column":30}},"1":{"start":{"line":3,"column":0},"end":{"line":3,"column":41}},"2":{"start":{"line":12,"column":40},"end":{"line":12,"column":null}},"3":{"start":{"line":14,"column":4},"end":{"line":18,"column":null}},"4":{"start":{"line":11,"column":0},"end":{"line":11,"column":24}}},"fnMap":{"0":{"name":"Notification","decl":{"start":{"line":11,"column":24},"end":{"line":11,"column":36}},"loc":{"start":{"line":11,"column":49},"end":{"line":19,"column":1}}}},"branchMap":{},"s":{"0":1,"1":1,"2":6,"3":2,"4":1},"f":{"0":2},"b":{}}
,"/Users/gigoyal/Projects/personal/giphy-demo/src/components/renditions/index.tsx": {"path":"/Users/gigoyal/Projects/personal/giphy-demo/src/components/renditions/index.tsx","statementMap":{"0":{"start":{"line":1,"column":0},"end":{"line":1,"column":30}},"1":{"start":{"line":2,"column":0},"end":{"line":2,"column":46}},"2":{"start":{"line":4,"column":0},"end":{"line":4,"column":35}},"3":{"start":{"line":5,"column":0},"end":{"line":5,"column":41}},"4":{"start":{"line":12,"column":27},"end":{"line":12,"column":null}},"5":{"start":{"line":13,"column":54},"end":{"line":13,"column":90}},"6":{"start":{"line":13,"column":28},"end":{"line":13,"column":30}},"7":{"start":{"line":13,"column":50},"end":{"line":13,"column":54}},"8":{"start":{"line":15,"column":4},"end":{"line":26,"column":null}},"9":{"start":{"line":11,"column":0},"end":{"line":11,"column":24}}},"fnMap":{"0":{"name":"Renditions","decl":{"start":{"line":11,"column":24},"end":{"line":11,"column":34}},"loc":{"start":{"line":11,"column":47},"end":{"line":27,"column":1}}}},"branchMap":{},"s":{"0":3,"1":3,"2":3,"3":3,"4":5,"5":5,"6":5,"7":5,"8":5,"9":3},"f":{"0":5},"b":{}}
,"/Users/gigoyal/Projects/personal/giphy-demo/src/components/renditions/rendition/index.tsx": {"path":"/Users/gigoyal/Projects/personal/giphy-demo/src/components/renditions/rendition/index.tsx","statementMap":{"0":{"start":{"line":1,"column":0},"end":{"line":1,"column":30}},"1":{"start":{"line":13,"column":31},"end":{"line":13,"column":41}},"2":{"start":{"line":13,"column":15},"end":{"line":13,"column":17}},"3":{"start":{"line":13,"column":21},"end":{"line":13,"column":23}},"4":{"start":{"line":13,"column":26},"end":{"line":13,"column":31}},"5":{"start":{"line":14,"column":4},"end":{"line":19,"column":null}},"6":{"start":{"line":12,"column":0},"end":{"line":12,"column":24}}},"fnMap":{"0":{"name":"Rendition","decl":{"start":{"line":12,"column":24},"end":{"line":12,"column":33}},"loc":{"start":{"line":12,"column":46},"end":{"line":20,"column":1}}}},"branchMap":{"0":{"loc":{"start":{"line":16,"column":13},"end":{"line":16,"column":55}},"type":"binary-expr","locations":[{"start":{"line":16,"column":14},"end":{"line":16,"column":17}},{"start":{"line":16,"column":21},"end":{"line":16,"column":25}},{"start":{"line":16,"column":30},"end":{"line":16,"column":55}}]},"1":{"loc":{"start":{"line":16,"column":40},"end":{"line":16,"column":51}},"type":"binary-expr","locations":[{"start":{"line":16,"column":40},"end":{"line":16,"column":43}},{"start":{"line":16,"column":47},"end":{"line":16,"column":51}}]},"2":{"loc":{"start":{"line":17,"column":13},"end":{"line":17,"column":70}},"type":"binary-expr","locations":[{"start":{"line":17,"column":13},"end":{"line":17,"column":17}},{"start":{"line":17,"column":21},"end":{"line":17,"column":26}},{"start":{"line":17,"column":30},"end":{"line":17,"column":33}},{"start":{"line":17,"column":37},"end":{"line":17,"column":70}}]}},"s":{"0":4,"1":9,"2":9,"3":9,"4":9,"5":9,"6":4},"f":{"0":9},"b":{"0":[9,4,6],"1":[6,1],"2":[9,4,3,2]}}
,"/Users/gigoyal/Projects/personal/giphy-demo/src/components/renditions/sidebar/index.tsx": {"path":"/Users/gigoyal/Projects/personal/giphy-demo/src/components/renditions/sidebar/index.tsx","statementMap":{"0":{"start":{"line":1,"column":0},"end":{"line":1,"column":30}},"1":{"start":{"line":3,"column":0},"end":{"line":3,"column":51}},"2":{"start":{"line":12,"column":56},"end":{"line":12,"column":null}},"3":{"start":{"line":14,"column":4},"end":{"line":25,"column":null}},"4":{"start":{"line":16,"column":33},"end":{"line":23,"column":14}},"5":{"start":{"line":11,"column":0},"end":{"line":11,"column":24}}},"fnMap":{"0":{"name":"RenditionsSidebar","decl":{"start":{"line":11,"column":24},"end":{"line":11,"column":41}},"loc":{"start":{"line":11,"column":54},"end":{"line":26,"column":1}}},"1":{"name":"(anonymous_8)","decl":{"start":{"line":16,"column":23},"end":{"line":16,"column":24}},"loc":{"start":{"line":16,"column":28},"end":{"line":16,"column":null}}}},"branchMap":{},"s":{"0":4,"1":4,"2":21,"3":7,"4":19,"5":4},"f":{"0":7,"1":19},"b":{}}
,"/Users/gigoyal/Projects/personal/giphy-demo/src/components/renditions/sidebar-item/index.tsx": {"path":"/Users/gigoyal/Projects/personal/giphy-demo/src/components/renditions/sidebar-item/index.tsx","statementMap":{"0":{"start":{"line":1,"column":0},"end":{"line":1,"column":34}},"1":{"start":{"line":2,"column":0},"end":{"line":2,"column":30}},"2":{"start":{"line":3,"column":0},"end":{"line":3,"column":49}},"3":{"start":{"line":12,"column":41},"end":{"line":12,"column":null}},"4":{"start":{"line":14,"column":28},"end":{"line":16,"column":14}},"5":{"start":{"line":15,"column":8},"end":{"line":15,"column":null}},"6":{"start":{"line":18,"column":4},"end":{"line":26,"column":null}},"7":{"start":{"line":11,"column":0},"end":{"line":11,"column":24}}},"fnMap":{"0":{"name":"RenditionsSidebarItem","decl":{"start":{"line":11,"column":24},"end":{"line":11,"column":45}},"loc":{"start":{"line":11,"column":58},"end":{"line":27,"column":1}}},"1":{"name":"(anonymous_7)","decl":{"start":{"line":14,"column":40},"end":{"line":14,"column":null}},"loc":{"start":{"line":14,"column":40},"end":{"line":16,"column":5}}}},"branchMap":{"0":{"loc":{"start":{"line":20,"column":52},"end":{"line":20,"column":76}},"type":"cond-expr","locations":[{"start":{"line":20,"column":63},"end":{"line":20,"column":71}},{"start":{"line":20,"column":74},"end":{"line":20,"column":76}}]}},"s":{"0":5,"1":5,"2":5,"3":66,"4":22,"5":3,"6":22,"7":5},"f":{"0":22,"1":3},"b":{"0":[9,13]}}
,"/Users/gigoyal/Projects/personal/giphy-demo/src/components/search-bar/index.tsx": {"path":"/Users/gigoyal/Projects/personal/giphy-demo/src/components/search-bar/index.tsx","statementMap":{"0":{"start":{"line":1,"column":0},"end":{"line":1,"column":30}},"1":{"start":{"line":2,"column":0},"end":{"line":2,"column":38}},"2":{"start":{"line":3,"column":0},"end":{"line":3,"column":26}},"3":{"start":{"line":11,"column":32},"end":{"line":11,"column":null}},"4":{"start":{"line":13,"column":30},"end":{"line":15,"column":5}},"5":{"start":{"line":14,"column":8},"end":{"line":14,"column":null}},"6":{"start":{"line":17,"column":29},"end":{"line":19,"column":5}},"7":{"start":{"line":18,"column":8},"end":{"line":18,"column":null}},"8":{"start":{"line":21,"column":4},"end":{"line":34,"column":null}},"9":{"start":{"line":10,"column":0},"end":{"line":10,"column":24}}},"fnMap":{"0":{"name":"SearchBar","decl":{"start":{"line":10,"column":24},"end":{"line":10,"column":33}},"loc":{"start":{"line":10,"column":46},"end":{"line":35,"column":1}}},"1":{"name":"(anonymous_8)","decl":{"start":{"line":13,"column":30},"end":{"line":13,"column":31}},"loc":{"start":{"line":13,"column":36},"end":{"line":15,"column":5}}},"2":{"name":"(anonymous_9)","decl":{"start":{"line":17,"column":29},"end":{"line":17,"column":null}},"loc":{"start":{"line":17,"column":29},"end":{"line":19,"column":5}}}},"branchMap":{"0":{"loc":{"start":{"line":32,"column":13},"end":{"line":32,"column":116}},"type":"binary-expr","locations":[{"start":{"line":32,"column":13},"end":{"line":32,"column":18}},{"start":{"line":32,"column":22},"end":{"line":32,"column":116}}]}},"s":{"0":3,"1":3,"2":3,"3":70,"4":35,"5":3,"6":35,"7":1,"8":35,"9":3},"f":{"0":35,"1":3,"2":1},"b":{"0":[35,9]}}
,"/Users/gigoyal/Projects/personal/giphy-demo/src/components/topbar/index.tsx": {"path":"/Users/gigoyal/Projects/personal/giphy-demo/src/components/topbar/index.tsx","statementMap":{"0":{"start":{"line":1,"column":0},"end":{"line":1,"column":30}},"1":{"start":{"line":2,"column":0},"end":{"line":2,"column":43}},"2":{"start":{"line":3,"column":0},"end":{"line":3,"column":49}},"3":{"start":{"line":6,"column":4},"end":{"line":12,"column":null}},"4":{"start":{"line":5,"column":0},"end":{"line":5,"column":24}}},"fnMap":{"0":{"name":"Topbar","decl":{"start":{"line":5,"column":24},"end":{"line":5,"column":30}},"loc":{"start":{"line":5,"column":30},"end":{"line":13,"column":1}}}},"branchMap":{},"s":{"0":2,"1":2,"2":2,"3":2,"4":2},"f":{"0":2},"b":{}}
,"/Users/gigoyal/Projects/personal/giphy-demo/src/icons/cross.svg": {"path":"/Users/gigoyal/Projects/personal/giphy-demo/src/icons/cross.svg","statementMap":{"0":{"start":{"line":1,"column":0},"end":{"line":1,"column":20}}},"fnMap":{},"branchMap":{},"s":{"0":6},"f":{},"b":{},"inputSourceMap":null,"_coverageSchema":"1a1c01bbd47fc00a2c39e90264f33305004495a9","hash":"20cb32aa000aacc03b9fc09ec189358c3cab72fc"}
,"/Users/gigoyal/Projects/personal/giphy-demo/src/icons/index.ts": {"path":"/Users/gigoyal/Projects/personal/giphy-demo/src/icons/index.ts","statementMap":{"0":{"start":{"line":1,"column":0},"end":{"line":1,"column":7}},"1":{"start":{"line":5,"column":9},"end":{"line":1,"column":35}},"2":{"start":{"line":2,"column":0},"end":{"line":2,"column":7}},"3":{"start":{"line":5,"column":20},"end":{"line":2,"column":37}},"4":{"start":{"line":3,"column":0},"end":{"line":3,"column":7}},"5":{"start":{"line":5,"column":32},"end":{"line":3,"column":41}}},"fnMap":{},"branchMap":{},"s":{"0":6,"1":6,"2":6,"3":6,"4":6,"5":6},"f":{},"b":{}}
,"/Users/gigoyal/Projects/personal/giphy-demo/src/icons/search.svg": {"path":"/Users/gigoyal/Projects/personal/giphy-demo/src/icons/search.svg","statementMap":{"0":{"start":{"line":1,"column":0},"end":{"line":1,"column":20}}},"fnMap":{},"branchMap":{},"s":{"0":6},"f":{},"b":{},"inputSourceMap":null,"_coverageSchema":"1a1c01bbd47fc00a2c39e90264f33305004495a9","hash":"12b5900b23c23a837f33430b9c4abed99af5e19c"}
,"/Users/gigoyal/Projects/personal/giphy-demo/src/icons/trending.svg": {"path":"/Users/gigoyal/Projects/personal/giphy-demo/src/icons/trending.svg","statementMap":{"0":{"start":{"line":1,"column":0},"end":{"line":1,"column":20}}},"fnMap":{},"branchMap":{},"s":{"0":6},"f":{},"b":{},"inputSourceMap":null,"_coverageSchema":"1a1c01bbd47fc00a2c39e90264f33305004495a9","hash":"1eb3bf5945e85f46fe9ca82385643007c3c1fdc7"}
,"/Users/gigoyal/Projects/personal/giphy-demo/src/mocks/index.ts": {"path":"/Users/gigoyal/Projects/personal/giphy-demo/src/mocks/index.ts","statementMap":{"0":{"start":{"line":1,"column":46},"end":{"line":9,"column":null}},"1":{"start":{"line":2,"column":4},"end":{"line":2,"column":8}},"2":{"start":{"line":2,"column":8},"end":{"line":2,"column":null}},"3":{"start":{"line":3,"column":4},"end":{"line":3,"column":14}},"4":{"start":{"line":3,"column":14},"end":{"line":3,"column":null}},"5":{"start":{"line":4,"column":4},"end":{"line":4,"column":14}},"6":{"start":{"line":4,"column":14},"end":{"line":4,"column":null}},"7":{"start":{"line":5,"column":4},"end":{"line":5,"column":14}},"8":{"start":{"line":5,"column":14},"end":{"line":5,"column":null}},"9":{"start":{"line":5,"column":23},"end":{"line":5,"column":null}},"10":{"start":{"line":6,"column":4},"end":{"line":6,"column":11}},"11":{"start":{"line":6,"column":11},"end":{"line":6,"column":null}},"12":{"start":{"line":6,"column":20},"end":{"line":6,"column":null}},"13":{"start":{"line":7,"column":4},"end":{"line":7,"column":15}},"14":{"start":{"line":7,"column":15},"end":{"line":7,"column":null}},"15":{"start":{"line":7,"column":24},"end":{"line":7,"column":null}},"16":{"start":{"line":8,"column":4},"end":{"line":8,"column":13}},"17":{"start":{"line":8,"column":13},"end":{"line":8,"column":null}},"18":{"start":{"line":8,"column":22},"end":{"line":8,"column":null}},"19":{"start":{"line":10,"column":4},"end":{"line":10,"column":null}},"20":{"start":{"line":11,"column":17},"end":{"line":11,"column":null}},"21":{"start":{"line":12,"column":17},"end":{"line":12,"column":null}},"22":{"start":{"line":13,"column":17},"end":{"line":13,"column":null}},"23":{"start":{"line":14,"column":8},"end":{"line":14,"column":null}},"24":{"start":{"line":15,"column":8},"end":{"line":15,"column":null}},"25":{"start":{"line":16,"column":8},"end":{"line":16,"column":null}},"26":{"start":{"line":17,"column":8},"end":{"line":17,"column":null}},"27":{"start":{"line":18,"column":4},"end":{"line":18,"column":null}},"28":{"start":{"line":20,"column":4},"end":{"line":24,"column":null}},"29":{"start":{"line":26,"column":4},"end":{"line":30,"column":null}},"30":{"start":{"line":1,"column":0},"end":{"line":1,"column":16}}},"fnMap":{"0":{"name":"setupIntersectionObserverMock","decl":{"start":{"line":1,"column":16},"end":{"line":1,"column":45}},"loc":{"start":{"line":9,"column":6},"end":{"line":31,"column":1}}},"1":{"name":"(anonymous_1)","decl":{"start":{"line":5,"column":17},"end":{"line":5,"column":23}},"loc":{"start":{"line":5,"column":17},"end":{"line":5,"column":27}}},"2":{"name":"(anonymous_2)","decl":{"start":{"line":6,"column":14},"end":{"line":6,"column":20}},"loc":{"start":{"line":6,"column":14},"end":{"line":6,"column":24}}},"3":{"name":"(anonymous_3)","decl":{"start":{"line":7,"column":18},"end":{"line":7,"column":24}},"loc":{"start":{"line":7,"column":18},"end":{"line":7,"column":26}}},"4":{"name":"(anonymous_4)","decl":{"start":{"line":8,"column":16},"end":{"line":8,"column":22}},"loc":{"start":{"line":8,"column":16},"end":{"line":8,"column":26}}},"5":{"name":"(anonymous_5)","decl":{"start":{"line":10,"column":4},"end":{"line":10,"column":null}},"loc":{"start":{"line":10,"column":4},"end":{"line":18,"column":null}}}},"branchMap":{"0":{"loc":{"start":{"line":1,"column":46},"end":{"line":9,"column":null}},"type":"cond-expr","locations":[{"start":{"line":9,"column":4},"end":{"line":9,"column":6}},{"start":{"line":9,"column":6},"end":{"line":9,"column":null}}]},"1":{"loc":{"start":{"line":2,"column":8},"end":{"line":2,"column":null}},"type":"cond-expr","locations":[{"start":{"line":2,"column":11},"end":{"line":2,"column":15}},{"start":{"line":2,"column":15},"end":{"line":2,"column":null}}]},"2":{"loc":{"start":{"line":3,"column":14},"end":{"line":3,"column":null}},"type":"cond-expr","locations":[{"start":{"line":3,"column":17},"end":{"line":3,"column":19}},{"start":{"line":3,"column":19},"end":{"line":3,"column":null}}]},"3":{"loc":{"start":{"line":4,"column":14},"end":{"line":4,"column":null}},"type":"cond-expr","locations":[{"start":{"line":4,"column":17},"end":{"line":4,"column":19}},{"start":{"line":4,"column":19},"end":{"line":4,"column":null}}]},"4":{"loc":{"start":{"line":5,"column":14},"end":{"line":5,"column":null}},"type":"cond-expr","locations":[{"start":{"line":5,"column":17},"end":{"line":5,"column":27}},{"start":{"line":5,"column":27},"end":{"line":5,"column":null}}]},"5":{"loc":{"start":{"line":6,"column":11},"end":{"line":6,"column":null}},"type":"cond-expr","locations":[{"start":{"line":6,"column":14},"end":{"line":6,"column":24}},{"start":{"line":6,"column":24},"end":{"line":6,"column":null}}]},"6":{"loc":{"start":{"line":7,"column":15},"end":{"line":7,"column":null}},"type":"cond-expr","locations":[{"start":{"line":7,"column":18},"end":{"line":7,"column":26}},{"start":{"line":7,"column":26},"end":{"line":7,"column":null}}]},"7":{"loc":{"start":{"line":8,"column":13},"end":{"line":8,"column":null}},"type":"cond-expr","locations":[{"start":{"line":8,"column":16},"end":{"line":8,"column":26}},{"start":{"line":8,"column":26},"end":{"line":8,"column":null}}]}},"s":{"0":10,"1":10,"2":10,"3":10,"4":10,"5":10,"6":10,"7":10,"8":10,"9":0,"10":10,"11":10,"12":10,"13":10,"14":10,"15":0,"16":10,"17":10,"18":0,"19":10,"20":10,"21":10,"22":10,"23":10,"24":10,"25":10,"26":10,"27":10,"28":10,"29":10,"30":3},"f":{"0":10,"1":0,"2":10,"3":0,"4":0,"5":20},"b":{"0":[10,0],"1":[10,0],"2":[10,0],"3":[10,0],"4":[10,0],"5":[10,0],"6":[10,0],"7":[10,0]}}
}
