TN:
SF:src/common/api/constants.ts
FNF:0
FNH:0
DA:1,3
DA:2,3
DA:3,3
DA:4,3
LF:4
LH:4
BRF:0
BRH:0
end_of_record
TN:
SF:src/common/api/giphy.ts
FN:9,(anonymous_16)
FN:11,(anonymous_17)
FN:20,(anonymous_18)
FN:35,(anonymous_21)
FNF:4
FNH:4
FNDA:7,(anonymous_16)
FNDA:7,(anonymous_17)
FNDA:3,(anonymous_18)
FNDA:4,(anonymous_21)
DA:1,3
DA:3,3
DA:9,14
DA:11,3
DA:12,7
DA:20,3
DA:22,3
DA:23,3
DA:29,2
DA:31,1
DA:35,4
DA:37,4
DA:38,4
DA:43,2
DA:45,1
LF:15
LH:15
BRDA:9,0,0,7
BRF:1
BRH:1
end_of_record
TN:
SF:src/common/hooks/useFetch.ts
FN:4,useFetch
FN:19,(anonymous_15)
FN:26,(anonymous_18)
FN:33,(anonymous_19)
FNF:4
FNH:4
FNDA:32,useFetch
FNDA:18,(anonymous_15)
FNDA:8,(anonymous_18)
FNDA:9,(anonymous_19)
DA:1,2
DA:4,32
DA:15,32
DA:16,32
DA:17,32
DA:19,32
DA:21,18
DA:22,18
DA:23,9
DA:24,8
DA:25,8
DA:26,16
DA:27,8
DA:29,0
DA:33,32
DA:34,9
DA:37,32
DA:40,2
LF:18
LH:17
BRDA:26,0,0,8
BRDA:26,0,1,0
BRF:2
BRH:1
end_of_record
TN:
SF:src/components/app/index.tsx
FN:6,App
FNF:1
FNH:1
FNDA:1,App
DA:1,1
DA:2,1
DA:3,1
DA:4,1
DA:6,1
DA:7,1
LF:6
LH:6
BRF:0
BRH:0
end_of_record
TN:
SF:src/components/giphy-home/index.tsx
FN:14,(anonymous_22)
FN:14,(anonymous_23)
FN:19,GiphyHome
FN:28,(anonymous_26)
FN:29,(anonymous_27)
FN:35,(anonymous_28)
FN:46,(anonymous_29)
FN:47,(anonymous_30)
FN:54,(anonymous_31)
FN:55,(anonymous_32)
FN:60,(anonymous_33)
FN:75,(anonymous_34)
FNF:12
FNH:10
FNDA:9,(anonymous_22)
FNDA:9,(anonymous_23)
FNDA:33,GiphyHome
FNDA:1,(anonymous_26)
FNDA:1,(anonymous_27)
FNDA:2,(anonymous_28)
FNDA:0,(anonymous_29)
FNDA:0,(anonymous_30)
FNDA:2,(anonymous_31)
FNDA:2,(anonymous_32)
FNDA:1,(anonymous_33)
FNDA:19,(anonymous_34)
DA:1,2
DA:2,2
DA:3,2
DA:4,2
DA:5,2
DA:6,2
DA:7,2
DA:8,2
DA:9,2
DA:10,2
DA:11,2
DA:14,9
DA:15,17
DA:16,8
DA:19,2
DA:20,33
DA:21,32
DA:25,32
DA:26,32
DA:28,32
DA:29,1
DA:32,32
DA:34,32
DA:36,2
DA:37,2
DA:38,2
DA:39,2
DA:40,2
DA:41,2
DA:46,32
DA:47,0
DA:53,32
DA:55,2
DA:60,32
DA:61,1
DA:64,32
DA:75,19
LF:37
LH:36
BRDA:15,0,0,8
BRDA:15,1,0,8
BRDA:70,2,0,7
BRDA:70,2,1,25
BRDA:71,3,0,7
BRDA:71,3,1,25
BRDA:85,4,0,30
BRDA:85,4,1,2
BRDA:85,5,0,32
BRDA:85,5,1,2
BRDA:88,6,0,30
BRDA:88,6,1,2
BRDA:88,7,0,32
BRDA:88,7,1,2
BRF:14
BRH:14
end_of_record
TN:
SF:src/components/grid/index.tsx
FN:17,(anonymous_7)
FN:24,(anonymous_8)
FN:35,Grid
FN:40,(anonymous_10)
FN:47,(anonymous_11)
FN:70,(anonymous_12)
FNF:6
FNH:5
FNDA:33,(anonymous_7)
FNDA:26,(anonymous_8)
FNDA:33,Grid
FNDA:0,(anonymous_10)
FNDA:10,(anonymous_11)
FNDA:130,(anonymous_12)
DA:1,3
DA:2,3
DA:3,3
DA:4,3
DA:5,3
DA:6,3
DA:17,34
DA:18,33
DA:19,33
DA:20,130
DA:23,33
DA:24,33
DA:25,26
DA:26,26
DA:27,26
DA:28,2
DA:32,33
DA:35,3
DA:36,198
DA:38,33
DA:40,33
DA:41,0
DA:42,0
DA:43,0
DA:47,33
DA:48,10
DA:53,10
DA:54,10
DA:55,10
DA:59,33
DA:61,33
DA:70,130
LF:32
LH:29
BRDA:17,0,0,1
BRDA:27,1,0,2
BRDA:36,2,0,0
BRDA:36,2,1,33
BRDA:42,3,0,0
BRDA:54,4,0,10
BRDA:63,5,0,33
BRDA:63,5,1,31
BRDA:65,6,0,31
BRDA:65,6,1,25
BRDA:74,7,0,33
BRDA:74,7,1,18
BRF:12
BRH:10
end_of_record
TN:
SF:src/components/grid/header/index.tsx
FN:8,GridHeader
FNF:1
FNH:1
FNDA:32,GridHeader
DA:1,4
DA:8,4
DA:9,32
DA:10,32
LF:4
LH:4
BRF:0
BRH:0
end_of_record
TN:
SF:src/components/grid/item/index.tsx
FN:10,GridItem
FN:13,(anonymous_7)
FNF:2
FNH:2
FNDA:21,GridItem
FNDA:3,(anonymous_7)
DA:1,3
DA:2,3
DA:10,3
DA:11,63
DA:13,21
DA:14,3
DA:17,21
LF:7
LH:7
BRF:0
BRH:0
end_of_record
TN:
SF:src/components/icon/index.tsx
FN:20,Icon
FNF:1
FNH:1
FNDA:76,Icon
DA:1,6
DA:3,6
DA:7,6
DA:20,6
DA:21,304
DA:22,76
DA:23,76
DA:25,76
LF:8
LH:8
BRF:0
BRH:0
end_of_record
TN:
SF:src/components/modal/index.tsx
FN:12,Modal
FN:15,(anonymous_8)
FNF:2
FNH:2
FNDA:36,Modal
FNDA:16,(anonymous_8)
DA:1,3
DA:2,3
DA:3,3
DA:12,3
DA:13,144
DA:15,36
DA:16,16
DA:17,5
DA:19,11
DA:23,36
DA:24,31
DA:27,5
LF:12
LH:12
BRDA:16,0,0,5
BRDA:16,0,1,11
BRDA:23,1,0,31
BRF:3
BRH:3
end_of_record
TN:
SF:src/components/notification/index.tsx
FN:11,Notification
FNF:1
FNH:1
FNDA:2,Notification
DA:1,1
DA:3,1
DA:11,1
DA:12,6
DA:14,2
LF:5
LH:5
BRF:0
BRH:0
end_of_record
TN:
SF:src/components/renditions/index.tsx
FN:11,Renditions
FNF:1
FNH:1
FNDA:5,Renditions
DA:1,3
DA:2,3
DA:4,3
DA:5,3
DA:11,3
DA:12,5
DA:13,5
DA:15,5
LF:8
LH:8
BRF:0
BRH:0
end_of_record
TN:
SF:src/components/renditions/rendition/index.tsx
FN:12,Rendition
FNF:1
FNH:1
FNDA:9,Rendition
DA:1,4
DA:12,4
DA:13,9
DA:14,9
LF:4
LH:4
BRDA:16,0,0,9
BRDA:16,0,1,4
BRDA:16,0,2,6
BRDA:16,1,0,6
BRDA:16,1,1,1
BRDA:17,2,0,9
BRDA:17,2,1,4
BRDA:17,2,2,3
BRDA:17,2,3,2
BRF:9
BRH:9
end_of_record
TN:
SF:src/components/renditions/sidebar/index.tsx
FN:11,RenditionsSidebar
FN:16,(anonymous_8)
FNF:2
FNH:2
FNDA:7,RenditionsSidebar
FNDA:19,(anonymous_8)
DA:1,4
DA:3,4
DA:11,4
DA:12,21
DA:14,7
DA:16,19
LF:6
LH:6
BRF:0
BRH:0
end_of_record
TN:
SF:src/components/renditions/sidebar-item/index.tsx
FN:11,RenditionsSidebarItem
FN:14,(anonymous_7)
FNF:2
FNH:2
FNDA:22,RenditionsSidebarItem
FNDA:3,(anonymous_7)
DA:1,5
DA:2,5
DA:3,5
DA:11,5
DA:12,66
DA:14,22
DA:15,3
DA:18,22
LF:8
LH:8
BRDA:20,0,0,9
BRDA:20,0,1,13
BRF:2
BRH:2
end_of_record
TN:
SF:src/components/search-bar/index.tsx
FN:10,SearchBar
FN:13,(anonymous_8)
FN:17,(anonymous_9)
FNF:3
FNH:3
FNDA:35,SearchBar
FNDA:3,(anonymous_8)
FNDA:1,(anonymous_9)
DA:1,3
DA:2,3
DA:3,3
DA:10,3
DA:11,70
DA:13,35
DA:14,3
DA:17,35
DA:18,1
DA:21,35
LF:10
LH:10
BRDA:32,0,0,35
BRDA:32,0,1,9
BRF:2
BRH:2
end_of_record
TN:
SF:src/components/topbar/index.tsx
FN:5,Topbar
FNF:1
FNH:1
FNDA:2,Topbar
DA:1,2
DA:2,2
DA:3,2
DA:5,2
DA:6,2
LF:5
LH:5
BRF:0
BRH:0
end_of_record
TN:
SF:src/icons/cross.svg
FNF:0
FNH:0
DA:1,6
LF:1
LH:1
BRF:0
BRH:0
end_of_record
TN:
SF:src/icons/index.ts
FNF:0
FNH:0
DA:1,6
DA:2,6
DA:3,6
DA:5,6
LF:4
LH:4
BRF:0
BRH:0
end_of_record
TN:
SF:src/icons/search.svg
FNF:0
FNH:0
DA:1,6
LF:1
LH:1
BRF:0
BRH:0
end_of_record
TN:
SF:src/icons/trending.svg
FNF:0
FNH:0
DA:1,6
LF:1
LH:1
BRF:0
BRH:0
end_of_record
TN:
SF:src/mocks/index.ts
FN:1,setupIntersectionObserverMock
FN:5,(anonymous_1)
FN:6,(anonymous_2)
FN:7,(anonymous_3)
FN:8,(anonymous_4)
FN:10,(anonymous_5)
FNF:6
FNH:3
FNDA:10,setupIntersectionObserverMock
FNDA:0,(anonymous_1)
FNDA:10,(anonymous_2)
FNDA:0,(anonymous_3)
FNDA:0,(anonymous_4)
FNDA:20,(anonymous_5)
DA:1,10
DA:2,10
DA:3,10
DA:4,10
DA:5,10
DA:6,10
DA:7,10
DA:8,10
DA:10,10
DA:11,10
DA:12,10
DA:13,10
DA:14,10
DA:15,10
DA:16,10
DA:17,10
DA:18,10
DA:20,10
DA:26,10
LF:19
LH:19
BRDA:1,0,0,10
BRDA:1,0,1,0
BRDA:2,1,0,10
BRDA:2,1,1,0
BRDA:3,2,0,10
BRDA:3,2,1,0
BRDA:4,3,0,10
BRDA:4,3,1,0
BRDA:5,4,0,10
BRDA:5,4,1,0
BRDA:6,5,0,10
BRDA:6,5,1,0
BRDA:7,6,0,10
BRDA:7,6,1,0
BRDA:8,7,0,10
BRDA:8,7,1,0
BRF:16
BRH:8
end_of_record
